{"D:\\Assiginment\\Group Project\\Code\\BusinessCalculateComission.js": {"path":"D:\\Assiginment\\Group Project\\Code\\BusinessCalculateComission.js","statementMap":{"0":{"start":{"line":5,"column":8},"end":{"line":5,"column":34}},"1":{"start":{"line":6,"column":8},"end":{"line":6,"column":35}},"2":{"start":{"line":7,"column":8},"end":{"line":7,"column":36}},"3":{"start":{"line":10,"column":8},"end":{"line":10,"column":34}},"4":{"start":{"line":11,"column":8},"end":{"line":11,"column":35}},"5":{"start":{"line":12,"column":8},"end":{"line":12,"column":36}},"6":{"start":{"line":15,"column":8},"end":{"line":15,"column":29}},"7":{"start":{"line":20,"column":8},"end":{"line":28,"column":9}},"8":{"start":{"line":25,"column":12},"end":{"line":27,"column":14}},"9":{"start":{"line":31,"column":8},"end":{"line":37,"column":9}},"10":{"start":{"line":36,"column":12},"end":{"line":36,"column":71}},"11":{"start":{"line":41,"column":12},"end":{"line":43,"column":39}},"12":{"start":{"line":47,"column":8},"end":{"line":53,"column":9}},"13":{"start":{"line":48,"column":12},"end":{"line":48,"column":52}},"14":{"start":{"line":49,"column":15},"end":{"line":53,"column":9}},"15":{"start":{"line":50,"column":12},"end":{"line":50,"column":55}},"16":{"start":{"line":52,"column":12},"end":{"line":52,"column":53}},"17":{"start":{"line":56,"column":25},"end":{"line":56,"column":52}},"18":{"start":{"line":59,"column":8},"end":{"line":59,"column":53}},"19":{"start":{"line":61,"column":8},"end":{"line":63,"column":9}},"20":{"start":{"line":62,"column":12},"end":{"line":62,"column":27}},"21":{"start":{"line":65,"column":8},"end":{"line":65,"column":42}},"22":{"start":{"line":69,"column":8},"end":{"line":69,"column":61}},"23":{"start":{"line":73,"column":8},"end":{"line":73,"column":33}},"24":{"start":{"line":74,"column":8},"end":{"line":74,"column":35}},"25":{"start":{"line":75,"column":8},"end":{"line":75,"column":37}},"26":{"start":{"line":79,"column":8},"end":{"line":79,"column":33}},"27":{"start":{"line":80,"column":8},"end":{"line":80,"column":35}},"28":{"start":{"line":81,"column":8},"end":{"line":81,"column":37}},"29":{"start":{"line":85,"column":8},"end":{"line":85,"column":41}},"30":{"start":{"line":86,"column":8},"end":{"line":86,"column":47}},"31":{"start":{"line":87,"column":8},"end":{"line":87,"column":43}},"32":{"start":{"line":91,"column":8},"end":{"line":91,"column":45}},"33":{"start":{"line":92,"column":8},"end":{"line":92,"column":47}},"34":{"start":{"line":93,"column":8},"end":{"line":93,"column":49}},"35":{"start":{"line":94,"column":8},"end":{"line":94,"column":45}},"36":{"start":{"line":95,"column":8},"end":{"line":95,"column":47}},"37":{"start":{"line":96,"column":8},"end":{"line":96,"column":49}},"38":{"start":{"line":97,"column":8},"end":{"line":97,"column":37}},"39":{"start":{"line":98,"column":8},"end":{"line":98,"column":41}},"40":{"start":{"line":99,"column":8},"end":{"line":99,"column":38}},"41":{"start":{"line":103,"column":0},"end":{"line":105,"column":2}}},"fnMap":{"0":{"name":"(anonymous_0)","decl":{"start":{"line":3,"column":4},"end":{"line":3,"column":5}},"loc":{"start":{"line":3,"column":18},"end":{"line":16,"column":5}},"line":3},"1":{"name":"(anonymous_1)","decl":{"start":{"line":18,"column":4},"end":{"line":18,"column":5}},"loc":{"start":{"line":18,"column":54},"end":{"line":66,"column":5}},"line":18},"2":{"name":"(anonymous_2)","decl":{"start":{"line":68,"column":4},"end":{"line":68,"column":5}},"loc":{"start":{"line":68,"column":30},"end":{"line":70,"column":5}},"line":68},"3":{"name":"(anonymous_3)","decl":{"start":{"line":72,"column":4},"end":{"line":72,"column":5}},"loc":{"start":{"line":72,"column":53},"end":{"line":76,"column":5}},"line":72},"4":{"name":"(anonymous_4)","decl":{"start":{"line":78,"column":4},"end":{"line":78,"column":5}},"loc":{"start":{"line":78,"column":52},"end":{"line":82,"column":5}},"line":78},"5":{"name":"(anonymous_5)","decl":{"start":{"line":84,"column":4},"end":{"line":84,"column":5}},"loc":{"start":{"line":84,"column":54},"end":{"line":88,"column":5}},"line":84},"6":{"name":"(anonymous_6)","decl":{"start":{"line":90,"column":4},"end":{"line":90,"column":5}},"loc":{"start":{"line":90,"column":20},"end":{"line":100,"column":5}},"line":90}},"branchMap":{"0":{"loc":{"start":{"line":20,"column":8},"end":{"line":28,"column":9}},"type":"if","locations":[{"start":{"line":20,"column":8},"end":{"line":28,"column":9}},{"start":{},"end":{}}],"line":20},"1":{"loc":{"start":{"line":21,"column":12},"end":{"line":23,"column":44}},"type":"binary-expr","locations":[{"start":{"line":21,"column":12},"end":{"line":21,"column":42}},{"start":{"line":22,"column":12},"end":{"line":22,"column":43}},{"start":{"line":23,"column":12},"end":{"line":23,"column":44}}],"line":21},"2":{"loc":{"start":{"line":31,"column":8},"end":{"line":37,"column":9}},"type":"if","locations":[{"start":{"line":31,"column":8},"end":{"line":37,"column":9}},{"start":{},"end":{}}],"line":31},"3":{"loc":{"start":{"line":32,"column":12},"end":{"line":34,"column":39}},"type":"binary-expr","locations":[{"start":{"line":32,"column":12},"end":{"line":32,"column":35}},{"start":{"line":33,"column":12},"end":{"line":33,"column":37}},{"start":{"line":34,"column":12},"end":{"line":34,"column":39}}],"line":32},"4":{"loc":{"start":{"line":47,"column":8},"end":{"line":53,"column":9}},"type":"if","locations":[{"start":{"line":47,"column":8},"end":{"line":53,"column":9}},{"start":{"line":49,"column":15},"end":{"line":53,"column":9}}],"line":47},"5":{"loc":{"start":{"line":49,"column":15},"end":{"line":53,"column":9}},"type":"if","locations":[{"start":{"line":49,"column":15},"end":{"line":53,"column":9}},{"start":{"line":51,"column":15},"end":{"line":53,"column":9}}],"line":49},"6":{"loc":{"start":{"line":61,"column":8},"end":{"line":63,"column":9}},"type":"if","locations":[{"start":{"line":61,"column":8},"end":{"line":63,"column":9}},{"start":{},"end":{}}],"line":61},"7":{"loc":{"start":{"line":69,"column":15},"end":{"line":69,"column":60}},"type":"binary-expr","locations":[{"start":{"line":69,"column":15},"end":{"line":69,"column":43}},{"start":{"line":69,"column":47},"end":{"line":69,"column":60}}],"line":69}},"s":{"0":16,"1":16,"2":16,"3":16,"4":16,"5":16,"6":16,"7":16,"8":2,"9":14,"10":4,"11":10,"12":10,"13":1,"14":9,"15":1,"16":8,"17":10,"18":10,"19":10,"20":1,"21":10,"22":44,"23":2,"24":2,"25":2,"26":2,"27":2,"28":2,"29":2,"30":2,"31":2,"32":19,"33":19,"34":19,"35":19,"36":19,"37":19,"38":19,"39":19,"40":19,"41":1},"f":{"0":16,"1":16,"2":44,"3":2,"4":2,"5":2,"6":19},"b":{"0":[2,14],"1":[16,14,14],"2":[4,10],"3":[14,12,11],"4":[1,9],"5":[1,8],"6":[1,9],"7":[44,43]},"_coverageSchema":"1a1c01bbd47fc00a2c39e90264f33305004495a9","hash":"82266c1166b1d52a99e579f247c0a38e4c5b1d36"}
}
