TN:
SF:BusinessCalculateComission.js
FN:3,(anonymous_0)
FN:18,(anonymous_1)
FN:68,(anonymous_2)
FN:72,(anonymous_3)
FN:78,(anonymous_4)
FN:84,(anonymous_5)
FN:90,(anonymous_6)
FNF:7
FNH:7
FNDA:16,(anonymous_0)
FNDA:16,(anonymous_1)
FNDA:44,(anonymous_2)
FNDA:2,(anonymous_3)
FNDA:2,(anonymous_4)
FNDA:2,(anonymous_5)
FNDA:19,(anonymous_6)
DA:5,16
DA:6,16
DA:7,16
DA:10,16
DA:11,16
DA:12,16
DA:15,16
DA:20,16
DA:25,2
DA:31,14
DA:36,4
DA:41,10
DA:47,10
DA:48,1
DA:49,9
DA:50,1
DA:52,8
DA:56,10
DA:59,10
DA:61,10
DA:62,1
DA:65,10
DA:69,44
DA:73,2
DA:74,2
DA:75,2
DA:79,2
DA:80,2
DA:81,2
DA:85,2
DA:86,2
DA:87,2
DA:91,19
DA:92,19
DA:93,19
DA:94,19
DA:95,19
DA:96,19
DA:97,19
DA:98,19
DA:99,19
DA:103,1
LF:42
LH:42
BRDA:20,0,0,2
BRDA:20,0,1,14
BRDA:21,1,0,16
BRDA:21,1,1,14
BRDA:21,1,2,14
BRDA:31,2,0,4
BRDA:31,2,1,10
BRDA:32,3,0,14
BRDA:32,3,1,12
BRDA:32,3,2,11
BRDA:47,4,0,1
BRDA:47,4,1,9
BRDA:49,5,0,1
BRDA:49,5,1,8
BRDA:61,6,0,1
BRDA:61,6,1,9
BRDA:69,7,0,44
BRDA:69,7,1,43
BRF:18
BRH:18
end_of_record
